<?xml version="1.0" encoding="UTF-8"?>
<!-- Generated by org.testng.reporters.JUnitReportReporter -->
<testsuite hostname="DESKTOP-JE9AC2C" failures="0" tests="4" name="com.qa.GermanyIsCalling.testcases.signup" time="3.432" errors="0" timestamp="2024-09-08T23:33:00 PDT" skipped="0">
  <testcase classname="com.qa.GermanyIsCalling.testcases.signup" name="acc" time="0.348"/>
  <system-out/>
  <testcase classname="com.qa.GermanyIsCalling.testcases.signup" name="validate" time="0.056"/>
  <system-out/>
  <testcase classname="com.qa.GermanyIsCalling.testcases.signup" name="button" time="1.555"/>
  <system-out/>
  <testcase classname="com.qa.GermanyIsCalling.testcases.signup" name="validatesignup" time="1.473"/>
  <system-out/>
</testsuite> <!-- com.qa.GermanyIsCalling.testcases.signup -->
