<?xml version="1.0" encoding="UTF-8"?>
<!-- Generated by org.testng.reporters.JUnitReportReporter -->
<testsuite hostname="DESKTOP-JE9AC2C" failures="0" tests="2" name="com.qa.GermanyIsCalling.testcases.SignIn" time="2.046" errors="0" timestamp="2024-09-08T23:47:57 PDT" skipped="0">
  <testcase classname="com.qa.GermanyIsCalling.testcases.SignIn" name="AcceptandLog" time="1.030"/>
  <system-out/>
  <testcase classname="com.qa.GermanyIsCalling.testcases.SignIn" name="enter" time="1.016"/>
  <system-out/>
</testsuite> <!-- com.qa.GermanyIsCalling.testcases.SignIn -->
